<?xml version="1.0" encoding="UTF-8" ?>
<testsuite failures="0" time="0.543" errors="0" skipped="0" tests="2" name="com.rackspace.cloud.sense.config.SenseXmlConfigurationTest">
  <properties>
    <property name="java.runtime.name" value="Java(TM) SE Runtime Environment"/>
    <property name="sun.boot.library.path" value="/usr/java/jdk1.6.0_20/jre/lib/amd64"/>
    <property name="java.vm.version" value="16.3-b01"/>
    <property name="java.vm.vendor" value="Sun Microsystems Inc."/>
    <property name="java.vendor.url" value="http://java.sun.com/"/>
    <property name="path.separator" value=":"/>
    <property name="java.vm.name" value="Java HotSpot(TM) 64-Bit Server VM"/>
    <property name="file.encoding.pkg" value="sun.io"/>
    <property name="user.country" value="US"/>
    <property name="sun.java.launcher" value="SUN_STANDARD"/>
    <property name="sun.os.patch.level" value="unknown"/>
    <property name="java.vm.specification.name" value="Java Virtual Machine Specification"/>
    <property name="user.dir" value="/home/zinic/work/rackspace/arch/rc-atom-sense"/>
    <property name="java.runtime.version" value="1.6.0_20-b02"/>
    <property name="java.awt.graphicsenv" value="sun.awt.X11GraphicsEnvironment"/>
    <property name="basedir" value="/home/zinic/work/rackspace/arch/rc-atom-sense"/>
    <property name="java.endorsed.dirs" value="/usr/java/jdk1.6.0_20/jre/lib/endorsed"/>
    <property name="os.arch" value="amd64"/>
    <property name="surefire.real.class.path" value="/tmp/surefirebooter3956386863273575150.jar"/>
    <property name="java.io.tmpdir" value="/tmp"/>
    <property name="line.separator" value="
"/>
    <property name="java.vm.specification.vendor" value="Sun Microsystems Inc."/>
    <property name="os.name" value="Linux"/>
    <property name="sun.jnu.encoding" value="UTF-8"/>
    <property name="java.library.path" value="/usr/java/jdk1.6.0_20/jre/lib/amd64/server:/usr/java/jdk1.6.0_20/jre/lib/amd64:/usr/java/jdk1.6.0_20/jre/../lib/amd64:/usr/java/packages/lib/amd64:/usr/lib64:/lib64:/lib:/usr/lib"/>
    <property name="surefire.test.class.path" value="/home/zinic/work/rackspace/arch/rc-atom-sense/target/test-classes:/home/zinic/work/rackspace/arch/rc-atom-sense/target/classes:/home/zinic/.m2/repository/com/thoughtworks/xstream/xstream/1.3.1/xstream-1.3.1.jar:/home/zinic/.m2/repository/xpp3/xpp3_min/1.1.4c/xpp3_min-1.1.4c.jar:/home/zinic/.m2/repository/javax/javaee-web-api/6.0/javaee-web-api-6.0.jar:/home/zinic/.m2/repository/org/apache/abdera/abdera-core/1.1/abdera-core-1.1.jar:/home/zinic/.m2/repository/org/apache/abdera/abdera-i18n/1.1/abdera-i18n-1.1.jar:/home/zinic/.m2/repository/org/apache/geronimo/specs/geronimo-activation_1.0.2_spec/1.1/geronimo-activation_1.0.2_spec-1.1.jar:/home/zinic/.m2/repository/commons-codec/commons-codec/1.4/commons-codec-1.4.jar:/home/zinic/.m2/repository/org/apache/geronimo/specs/geronimo-stax-api_1.0_spec/1.0.1/geronimo-stax-api_1.0_spec-1.0.1.jar:/home/zinic/.m2/repository/commons-logging/commons-logging/1.0.4/commons-logging-1.0.4.jar:/home/zinic/.m2/repository/org/apache/abdera/abdera-server/1.1/abdera-server-1.1.jar:/home/zinic/.m2/repository/org/apache/abdera/abdera-parser/1.1/abdera-parser-1.1.jar:/home/zinic/.m2/repository/org/apache/ws/commons/axiom/axiom-impl/1.2.5/axiom-impl-1.2.5.jar:/home/zinic/.m2/repository/org/apache/ws/commons/axiom/axiom-api/1.2.5/axiom-api-1.2.5.jar:/home/zinic/.m2/repository/jaxen/jaxen/1.1.1/jaxen-1.1.1.jar:/home/zinic/.m2/repository/xerces/xercesImpl/2.6.2/xercesImpl-2.6.2.jar:/home/zinic/.m2/repository/xml-apis/xml-apis/1.3.02/xml-apis-1.3.02.jar:/home/zinic/.m2/repository/org/codehaus/woodstox/wstx-asl/3.2.6/wstx-asl-3.2.6.jar:/home/zinic/.m2/repository/javax/servlet/servlet-api/2.4/servlet-api-2.4.jar:/home/zinic/.m2/repository/javax/mail/mail/1.4/mail-1.4.jar:/home/zinic/.m2/repository/javax/activation/activation/1.1/activation-1.1.jar:/home/zinic/.m2/repository/log4j/log4j/1.2.16/log4j-1.2.16.jar:/home/zinic/.m2/repository/commons-httpclient/commons-httpclient/3.1/commons-httpclient-3.1.jar:/home/zinic/.m2/repository/commons-lang/commons-lang/2.5/commons-lang-2.5.jar:/home/zinic/.m2/repository/commons-configuration/commons-configuration/1.6/commons-configuration-1.6.jar:/home/zinic/.m2/repository/commons-collections/commons-collections/3.2.1/commons-collections-3.2.1.jar:/home/zinic/.m2/repository/commons-digester/commons-digester/1.8/commons-digester-1.8.jar:/home/zinic/.m2/repository/commons-beanutils/commons-beanutils/1.7.0/commons-beanutils-1.7.0.jar:/home/zinic/.m2/repository/commons-beanutils/commons-beanutils-core/1.8.0/commons-beanutils-core-1.8.0.jar:/home/zinic/.m2/repository/org/springframework/org.springframework.core/3.0.3.RELEASE/org.springframework.core-3.0.3.RELEASE.jar:/home/zinic/.m2/repository/org/springframework/org.springframework.expression/3.0.3.RELEASE/org.springframework.expression-3.0.3.RELEASE.jar:/home/zinic/.m2/repository/org/springframework/org.springframework.beans/3.0.3.RELEASE/org.springframework.beans-3.0.3.RELEASE.jar:/home/zinic/.m2/repository/org/springframework/org.springframework.asm/3.0.3.RELEASE/org.springframework.asm-3.0.3.RELEASE.jar:/home/zinic/.m2/repository/org/springframework/org.springframework.aop/3.0.3.RELEASE/org.springframework.aop-3.0.3.RELEASE.jar:/home/zinic/.m2/repository/org/aopalliance/com.springsource.org.aopalliance/1.0.0/com.springsource.org.aopalliance-1.0.0.jar:/home/zinic/.m2/repository/org/springframework/org.springframework.context/3.0.3.RELEASE/org.springframework.context-3.0.3.RELEASE.jar:/home/zinic/.m2/repository/org/springframework/org.springframework.transaction/3.0.3.RELEASE/org.springframework.transaction-3.0.3.RELEASE.jar:/home/zinic/.m2/repository/org/springframework/org.springframework.orm/3.0.3.RELEASE/org.springframework.orm-3.0.3.RELEASE.jar:/home/zinic/.m2/repository/org/springframework/org.springframework.jdbc/3.0.3.RELEASE/org.springframework.jdbc-3.0.3.RELEASE.jar:/home/zinic/.m2/repository/org/springframework/org.springframework.web.servlet/3.0.3.RELEASE/org.springframework.web.servlet-3.0.3.RELEASE.jar:/home/zinic/.m2/repository/org/springframework/org.springframework.context.support/3.0.3.RELEASE/org.springframework.context.support-3.0.3.RELEASE.jar:/home/zinic/.m2/repository/org/springframework/org.springframework.web/3.0.3.RELEASE/org.springframework.web-3.0.3.RELEASE.jar:/home/zinic/.m2/repository/org/springframework/org.springframework.test/3.0.3.RELEASE/org.springframework.test-3.0.3.RELEASE.jar:/home/zinic/.m2/repository/org/apache/xmlrpc/xmlrpc-client/3.0/xmlrpc-client-3.0.jar:/home/zinic/.m2/repository/org/apache/xmlrpc/xmlrpc-common/3.0/xmlrpc-common-3.0.jar:/home/zinic/.m2/repository/org/apache/ws/commons/ws-commons-util/1.0.1/ws-commons-util-1.0.1.jar:/home/zinic/.m2/repository/junit/junit/4.8.1/junit-4.8.1.jar:"/>
    <property name="java.specification.name" value="Java Platform API Specification"/>
    <property name="java.class.version" value="50.0"/>
    <property name="sun.management.compiler" value="HotSpot 64-Bit Server Compiler"/>
    <property name="os.version" value="2.6.34.7-56.fc13.x86_64"/>
    <property name="user.home" value="/home/zinic"/>
    <property name="user.timezone" value=""/>
    <property name="java.awt.printerjob" value="sun.print.PSPrinterJob"/>
    <property name="file.encoding" value="UTF-8"/>
    <property name="java.specification.version" value="1.6"/>
    <property name="user.name" value="zinic"/>
    <property name="java.class.path" value="/home/zinic/work/rackspace/arch/rc-atom-sense/target/test-classes:/home/zinic/work/rackspace/arch/rc-atom-sense/target/classes:/home/zinic/.m2/repository/com/thoughtworks/xstream/xstream/1.3.1/xstream-1.3.1.jar:/home/zinic/.m2/repository/xpp3/xpp3_min/1.1.4c/xpp3_min-1.1.4c.jar:/home/zinic/.m2/repository/javax/javaee-web-api/6.0/javaee-web-api-6.0.jar:/home/zinic/.m2/repository/org/apache/abdera/abdera-core/1.1/abdera-core-1.1.jar:/home/zinic/.m2/repository/org/apache/abdera/abdera-i18n/1.1/abdera-i18n-1.1.jar:/home/zinic/.m2/repository/org/apache/geronimo/specs/geronimo-activation_1.0.2_spec/1.1/geronimo-activation_1.0.2_spec-1.1.jar:/home/zinic/.m2/repository/commons-codec/commons-codec/1.4/commons-codec-1.4.jar:/home/zinic/.m2/repository/org/apache/geronimo/specs/geronimo-stax-api_1.0_spec/1.0.1/geronimo-stax-api_1.0_spec-1.0.1.jar:/home/zinic/.m2/repository/commons-logging/commons-logging/1.0.4/commons-logging-1.0.4.jar:/home/zinic/.m2/repository/org/apache/abdera/abdera-server/1.1/abdera-server-1.1.jar:/home/zinic/.m2/repository/org/apache/abdera/abdera-parser/1.1/abdera-parser-1.1.jar:/home/zinic/.m2/repository/org/apache/ws/commons/axiom/axiom-impl/1.2.5/axiom-impl-1.2.5.jar:/home/zinic/.m2/repository/org/apache/ws/commons/axiom/axiom-api/1.2.5/axiom-api-1.2.5.jar:/home/zinic/.m2/repository/jaxen/jaxen/1.1.1/jaxen-1.1.1.jar:/home/zinic/.m2/repository/xerces/xercesImpl/2.6.2/xercesImpl-2.6.2.jar:/home/zinic/.m2/repository/xml-apis/xml-apis/1.3.02/xml-apis-1.3.02.jar:/home/zinic/.m2/repository/org/codehaus/woodstox/wstx-asl/3.2.6/wstx-asl-3.2.6.jar:/home/zinic/.m2/repository/javax/servlet/servlet-api/2.4/servlet-api-2.4.jar:/home/zinic/.m2/repository/javax/mail/mail/1.4/mail-1.4.jar:/home/zinic/.m2/repository/javax/activation/activation/1.1/activation-1.1.jar:/home/zinic/.m2/repository/log4j/log4j/1.2.16/log4j-1.2.16.jar:/home/zinic/.m2/repository/commons-httpclient/commons-httpclient/3.1/commons-httpclient-3.1.jar:/home/zinic/.m2/repository/commons-lang/commons-lang/2.5/commons-lang-2.5.jar:/home/zinic/.m2/repository/commons-configuration/commons-configuration/1.6/commons-configuration-1.6.jar:/home/zinic/.m2/repository/commons-collections/commons-collections/3.2.1/commons-collections-3.2.1.jar:/home/zinic/.m2/repository/commons-digester/commons-digester/1.8/commons-digester-1.8.jar:/home/zinic/.m2/repository/commons-beanutils/commons-beanutils/1.7.0/commons-beanutils-1.7.0.jar:/home/zinic/.m2/repository/commons-beanutils/commons-beanutils-core/1.8.0/commons-beanutils-core-1.8.0.jar:/home/zinic/.m2/repository/org/springframework/org.springframework.core/3.0.3.RELEASE/org.springframework.core-3.0.3.RELEASE.jar:/home/zinic/.m2/repository/org/springframework/org.springframework.expression/3.0.3.RELEASE/org.springframework.expression-3.0.3.RELEASE.jar:/home/zinic/.m2/repository/org/springframework/org.springframework.beans/3.0.3.RELEASE/org.springframework.beans-3.0.3.RELEASE.jar:/home/zinic/.m2/repository/org/springframework/org.springframework.asm/3.0.3.RELEASE/org.springframework.asm-3.0.3.RELEASE.jar:/home/zinic/.m2/repository/org/springframework/org.springframework.aop/3.0.3.RELEASE/org.springframework.aop-3.0.3.RELEASE.jar:/home/zinic/.m2/repository/org/aopalliance/com.springsource.org.aopalliance/1.0.0/com.springsource.org.aopalliance-1.0.0.jar:/home/zinic/.m2/repository/org/springframework/org.springframework.context/3.0.3.RELEASE/org.springframework.context-3.0.3.RELEASE.jar:/home/zinic/.m2/repository/org/springframework/org.springframework.transaction/3.0.3.RELEASE/org.springframework.transaction-3.0.3.RELEASE.jar:/home/zinic/.m2/repository/org/springframework/org.springframework.orm/3.0.3.RELEASE/org.springframework.orm-3.0.3.RELEASE.jar:/home/zinic/.m2/repository/org/springframework/org.springframework.jdbc/3.0.3.RELEASE/org.springframework.jdbc-3.0.3.RELEASE.jar:/home/zinic/.m2/repository/org/springframework/org.springframework.web.servlet/3.0.3.RELEASE/org.springframework.web.servlet-3.0.3.RELEASE.jar:/home/zinic/.m2/repository/org/springframework/org.springframework.context.support/3.0.3.RELEASE/org.springframework.context.support-3.0.3.RELEASE.jar:/home/zinic/.m2/repository/org/springframework/org.springframework.web/3.0.3.RELEASE/org.springframework.web-3.0.3.RELEASE.jar:/home/zinic/.m2/repository/org/springframework/org.springframework.test/3.0.3.RELEASE/org.springframework.test-3.0.3.RELEASE.jar:/home/zinic/.m2/repository/org/apache/xmlrpc/xmlrpc-client/3.0/xmlrpc-client-3.0.jar:/home/zinic/.m2/repository/org/apache/xmlrpc/xmlrpc-common/3.0/xmlrpc-common-3.0.jar:/home/zinic/.m2/repository/org/apache/ws/commons/ws-commons-util/1.0.1/ws-commons-util-1.0.1.jar:/home/zinic/.m2/repository/junit/junit/4.8.1/junit-4.8.1.jar:"/>
    <property name="java.vm.specification.version" value="1.0"/>
    <property name="sun.arch.data.model" value="64"/>
    <property name="java.home" value="/usr/java/jdk1.6.0_20/jre"/>
    <property name="java.specification.vendor" value="Sun Microsystems Inc."/>
    <property name="user.language" value="en"/>
    <property name="java.vm.info" value="mixed mode"/>
    <property name="java.version" value="1.6.0_20"/>
    <property name="java.ext.dirs" value="/usr/java/jdk1.6.0_20/jre/lib/ext:/usr/java/packages/lib/ext"/>
    <property name="sun.boot.class.path" value="/usr/java/jdk1.6.0_20/jre/lib/resources.jar:/usr/java/jdk1.6.0_20/jre/lib/rt.jar:/usr/java/jdk1.6.0_20/jre/lib/sunrsasign.jar:/usr/java/jdk1.6.0_20/jre/lib/jsse.jar:/usr/java/jdk1.6.0_20/jre/lib/jce.jar:/usr/java/jdk1.6.0_20/jre/lib/charsets.jar:/usr/java/jdk1.6.0_20/jre/classes"/>
    <property name="java.vendor" value="Sun Microsystems Inc."/>
    <property name="localRepository" value="/home/zinic/.m2/repository"/>
    <property name="file.separator" value="/"/>
    <property name="java.vendor.url.bug" value="http://java.sun.com/cgi-bin/bugreport.cgi"/>
    <property name="sun.cpu.endian" value="little"/>
    <property name="sun.io.unicode.encoding" value="UnicodeLittle"/>
    <property name="sun.cpu.isalist" value=""/>
  </properties>
  <testcase time="0.503" classname="com.rackspace.cloud.sense.config.SenseXmlConfigurationTest$WhenReadingInStreamConfigurations" name="shouldReadConfigurations"/>
  <testcase time="0.022" classname="com.rackspace.cloud.sense.config.SenseXmlConfigurationTest$WhenReadingInStreamConfigurations" name="shouldMarshalResourcesCorrectly"/>
</testsuite>